<?xml version="1.0" encoding="UTF-8"?>
<testsuite xmlns:xsi="http://www.w3.org/2001/XMLSchema-instance" xsi:noNamespaceSchemaLocation="https://maven.apache.org/surefire/maven-surefire-plugin/xsd/surefire-test-report-3.0.xsd" version="3.0" name="com.microserviceproject.ProductServiceApplicationTests" time="8.698" tests="1" errors="0" skipped="0" failures="0">
  <properties>
[...]
</properties>
  <testcase name="shouldCreateProduct" classname="com.microserviceproject.ProductServiceApplicationTests" time="1.195">
    <system-out><![CDATA[23:31:21.389 [main] INFO org.springframework.test.context.support.AnnotationConfigContextLoaderUtils -- Could not detect default configuration classes for test class [com.microserviceproject.ProductServiceApplicationTests]: ProductServiceApplicationTests does not declare any static, non-private, non-final, nested classes annotated with @Configuration.
23:31:21.519 [main] INFO org.springframework.boot.test.context.SpringBootTestContextBootstrapper -- Found @SpringBootConfiguration com.microserviceproject.ProductServiceApplication for test class com.microserviceproject.ProductServiceApplicationTests
23:31:21.705 [main] INFO org.testcontainers.utility.ImageNameSubstitutor -- Image name substitution will be performed by: DefaultImageNameSubstitutor (composite of 'ConfigurationFileImageNameSubstitutor' and 'PrefixingImageNameSubstitutor')
23:31:21.966 [main] INFO org.testcontainers.dockerclient.DockerClientProviderStrategy -- Loaded org.testcontainers.dockerclient.NpipeSocketClientProviderStrategy from ~/.testcontainers.properties, will try it first
23:31:22.248 [main] INFO org.testcontainers.dockerclient.DockerClientProviderStrategy -- Found Docker environment with local Npipe socket (npipe:////./pipe/docker_engine)
23:31:22.250 [main] INFO org.testcontainers.DockerClientFactory -- Docker host IP address is localhost
23:31:22.268 [main] INFO org.testcontainers.DockerClientFactory -- Connected to docker: 
  Server Version: 24.0.5
  API Version: 1.43
  Operating System: Docker Desktop
  Total Memory: 3745 MB
23:31:22.291 [main] INFO tc.testcontainers/ryuk:0.5.1 -- Creating container for image: testcontainers/ryuk:0.5.1
23:31:22.820 [main] INFO org.testcontainers.utility.RegistryAuthLocator -- Credential helper/store (docker-credential-desktop) does not have credentials for https://index.docker.io/v1/
23:31:22.969 [main] INFO tc.testcontainers/ryuk:0.5.1 -- Container testcontainers/ryuk:0.5.1 is starting: 065da4157bec534596132e2e41dac2295c734625d2b65e06b8306a743bc4238b
23:31:23.668 [main] INFO tc.testcontainers/ryuk:0.5.1 -- Container testcontainers/ryuk:0.5.1 started in PT1.3921768S
23:31:23.684 [main] INFO org.testcontainers.utility.RyukResourceReaper -- Ryuk started - will monitor and terminate Testcontainers containers on JVM exit
23:31:23.685 [main] INFO org.testcontainers.DockerClientFactory -- Checking the system...
23:31:23.686 [main] INFO org.testcontainers.DockerClientFactory -- ?? Docker server version should be at least 1.6.0
23:31:23.687 [main] INFO tc.mongo:4.4.2 -- Creating container for image: mongo:4.4.2
23:31:23.749 [main] INFO tc.mongo:4.4.2 -- Container mongo:4.4.2 is starting: 4dfe692288536fa7b009461a51b727909037610ae9938ab4c6ec51717ad045d4
23:31:25.293 [main] INFO tc.mongo:4.4.2 -- Container mongo:4.4.2 started in PT1.6058468S

  .   ____          _            __ _ _
 /\\ / ___'_ __ _ _(_)_ __  __ _ \ \ \ \
( ( )\___ | '_ | '_| | '_ \/ _` | \ \ \ \
 \\/  ___)| |_)| | | | | || (_| |  ) ) ) )
  '  |____| .__|_| |_|_| |_\__, | / / / /
 =========|_|==============|___/=/_/_/_/
 :: Spring Boot ::                (v3.1.3)

2023-09-15T23:31:26.504+05:30  INFO 2504 --- [           main] c.m.ProductServiceApplicationTests       : Starting ProductServiceApplicationTests using Java 17.0.8 with PID 2504 (started by aashi in C:\Users\aashi\Downloads\demo\microservices-project\product-service)
2023-09-15T23:31:26.506+05:30  INFO 2504 --- [           main] c.m.ProductServiceApplicationTests       : No active profile set, falling back to 1 default profile: "default"
2023-09-15T23:31:27.050+05:30  INFO 2504 --- [           main] .s.d.r.c.RepositoryConfigurationDelegate : Bootstrapping Spring Data MongoDB repositories in DEFAULT mode.
2023-09-15T23:31:27.096+05:30  INFO 2504 --- [           main] .s.d.r.c.RepositoryConfigurationDelegate : Finished Spring Data repository scanning in 39 ms. Found 1 MongoDB repository interfaces.
2023-09-15T23:31:27.542+05:30  INFO 2504 --- [           main] org.mongodb.driver.client                : MongoClient with metadata {"driver": {"name": "mongo-java-driver|sync|spring-boot", "version": "4.9.1"}, "os": {"type": "Windows", "name": "Windows 11", "architecture": "amd64", "version": "10.0"}, "platform": "Java/Oracle Corporation/17.0.8+9-LTS-211"} created with settings MongoClientSettings{readPreference=primary, writeConcern=WriteConcern{w=null, wTimeout=null ms, journal=null}, retryWrites=true, retryReads=true, readConcern=ReadConcern{level=null}, credential=null, streamFactoryFactory=null, commandListeners=[], codecRegistry=ProvidersCodecRegistry{codecProviders=[ValueCodecProvider{}, BsonValueCodecProvider{}, DBRefCodecProvider{}, DBObjectCodecProvider{}, DocumentCodecProvider{}, CollectionCodecProvider{}, IterableCodecProvider{}, MapCodecProvider{}, GeoJsonCodecProvider{}, GridFSFileCodecProvider{}, Jsr310CodecProvider{}, JsonObjectCodecProvider{}, BsonCodecProvider{}, EnumCodecProvider{}, com.mongodb.client.model.mql.ExpressionCodecProvider@3719360c, com.mongodb.Jep395RecordCodecProvider@3afca2c]}, loggerSettings=LoggerSettings{maxDocumentLength=1000}, clusterSettings={hosts=[localhost:51623], srvServiceName=mongodb, mode=SINGLE, requiredClusterType=UNKNOWN, requiredReplicaSetName='null', serverSelector='null', clusterListeners='[]', serverSelectionTimeout='30000 ms', localThreshold='30000 ms'}, socketSettings=SocketSettings{connectTimeoutMS=10000, readTimeoutMS=0, receiveBufferSize=0, sendBufferSize=0}, heartbeatSocketSettings=SocketSettings{connectTimeoutMS=10000, readTimeoutMS=10000, receiveBufferSize=0, sendBufferSize=0}, connectionPoolSettings=ConnectionPoolSettings{maxSize=100, minSize=0, maxWaitTimeMS=120000, maxConnectionLifeTimeMS=0, maxConnectionIdleTimeMS=0, maintenanceInitialDelayMS=0, maintenanceFrequencyMS=60000, connectionPoolListeners=[], maxConnecting=2}, serverSettings=ServerSettings{heartbeatFrequencyMS=10000, minHeartbeatFrequencyMS=500, serverListeners='[]', serverMonitorListeners='[]'}, sslSettings=SslSettings{enabled=false, invalidHostNameAllowed=false, context=null}, applicationName='null', compressorList=[], uuidRepresentation=JAVA_LEGACY, serverApi=null, autoEncryptionSettings=null, contextProvider=null}
2023-09-15T23:31:27.565+05:30  INFO 2504 --- [localhost:51623] org.mongodb.driver.cluster               : Monitor thread successfully connected to server with description ServerDescription{address=localhost:51623, type=REPLICA_SET_PRIMARY, state=CONNECTED, ok=true, minWireVersion=0, maxWireVersion=9, maxDocumentSize=16777216, logicalSessionTimeoutMinutes=30, roundTripTimeNanos=21010700, setName='docker-rs', canonicalAddress=4dfe69228853:27017, hosts=[4dfe69228853:27017], passives=[], arbiters=[], primary='4dfe69228853:27017', tagSet=TagSet{[]}, electionId=7fffffff0000000000000001, setVersion=1, topologyVersion=TopologyVersion{processId=65049bf40faf270d2b0c0f45, counter=6}, lastWriteDate=Fri Sep 15 23:31:26 IST 2023, lastUpdateTimeNanos=2635247250600}
2023-09-15T23:31:28.238+05:30  INFO 2504 --- [           main] o.s.b.t.m.w.SpringBootMockServletContext : Initializing Spring TestDispatcherServlet ''
2023-09-15T23:31:28.238+05:30  INFO 2504 --- [           main] o.s.t.web.servlet.TestDispatcherServlet  : Initializing Servlet ''
2023-09-15T23:31:28.240+05:30  INFO 2504 --- [           main] o.s.t.web.servlet.TestDispatcherServlet  : Completed initialization in 1 ms
2023-09-15T23:31:28.256+05:30  INFO 2504 --- [           main] c.m.ProductServiceApplicationTests       : Started ProductServiceApplicationTests in 2.042 seconds (process running for 7.564)
2023-09-15T23:31:29.408+05:30  INFO 2504 --- [           main] c.m.service.ProductService               : Product 65049bf9527ede15673023d5 is saved
]]></system-out>
  </testcase>
</testsuite>